2023-10-08 21:33:21 0 [Note] Starting MariaDB 10.4.28-MariaDB source revision c8f2e9a5c0ac5905f28b050b7df5a9ffd914b7e7 as process 7932
2023-10-08 21:33:21 0 [Note] InnoDB: Mutexes and rw_locks use Windows interlocked functions
2023-10-08 21:33:21 0 [Note] InnoDB: Uses event mutexes
2023-10-08 21:33:21 0 [Note] InnoDB: Compressed tables use zlib 1.2.12
2023-10-08 21:33:21 0 [Note] InnoDB: Number of pools: 1
2023-10-08 21:33:21 0 [Note] InnoDB: Using SSE2 crc32 instructions
2023-10-08 21:33:21 0 [Note] InnoDB: Initializing buffer pool, total size = 16M, instances = 1, chunk size = 16M
2023-10-08 21:33:21 0 [Note] InnoDB: Completed initialization of buffer pool
2023-10-08 21:33:21 0 [Note] InnoDB: Starting crash recovery from checkpoint LSN=300288
2023-10-08 21:33:21 0 [Note] InnoDB: 128 out of 128 rollback segments are active.
2023-10-08 21:33:21 0 [Note] InnoDB: Removed temporary tablespace data file: "ibtmp1"
2023-10-08 21:33:21 0 [Note] InnoDB: Creating shared tablespace for temporary tables
2023-10-08 21:33:21 0 [Note] InnoDB: Setting file 'C:\xampp\mysql\data\ibtmp1' size to 12 MB. Physically writing the file full; Please wait ...
2023-10-08 21:33:21 0 [Note] InnoDB: File 'C:\xampp\mysql\data\ibtmp1' size is now 12 MB.
2023-10-08 21:33:21 0 [Note] InnoDB: Waiting for purge to start
2023-10-08 21:33:21 0 [Note] InnoDB: 10.4.28 started; log sequence number 300297; transaction id 170
2023-10-08 21:33:21 0 [Note] InnoDB: Loading buffer pool(s) from C:\xampp\mysql\data\ib_buffer_pool
2023-10-08 21:33:21 0 [Note] Plugin 'FEEDBACK' is disabled.
2023-10-08 21:33:21 0 [Note] Server socket created on IP: '::'.
2023-10-08 21:33:21 0 [ERROR] Can't start server: Bind on TCP/IP port. Got error: 10048: Only one usage of each socket address (protocol/network address/port) is normally permitted.

2023-10-08 21:33:21 0 [ERROR] Do you already have another mysqld server running on port: 3306 ?
2023-10-08 21:33:21 0 [ERROR] Aborting
2023-10-08 21:33:37 0 [Note] Starting MariaDB 10.4.28-MariaDB source revision c8f2e9a5c0ac5905f28b050b7df5a9ffd914b7e7 as process 15296
2023-10-08 21:33:37 0 [Note] InnoDB: Mutexes and rw_locks use Windows interlocked functions
2023-10-08 21:33:37 0 [Note] InnoDB: Uses event mutexes
2023-10-08 21:33:37 0 [Note] InnoDB: Compressed tables use zlib 1.2.12
2023-10-08 21:33:37 0 [Note] InnoDB: Number of pools: 1
2023-10-08 21:33:37 0 [Note] InnoDB: Using SSE2 crc32 instructions
2023-10-08 21:33:37 0 [Note] InnoDB: Initializing buffer pool, total size = 16M, instances = 1, chunk size = 16M
2023-10-08 21:33:37 0 [Note] InnoDB: Completed initialization of buffer pool
2023-10-08 21:33:37 0 [Note] InnoDB: 128 out of 128 rollback segments are active.
2023-10-08 21:33:37 0 [Note] InnoDB: Creating shared tablespace for temporary tables
2023-10-08 21:33:37 0 [Note] InnoDB: Setting file 'C:\xampp\mysql\data\ibtmp1' size to 12 MB. Physically writing the file full; Please wait ...
2023-10-08 21:33:37 0 [Note] InnoDB: File 'C:\xampp\mysql\data\ibtmp1' size is now 12 MB.
2023-10-08 21:33:37 0 [Note] InnoDB: Waiting for purge to start
2023-10-08 21:33:37 0 [Note] InnoDB: 10.4.28 started; log sequence number 300306; transaction id 170
2023-10-08 21:33:37 0 [Note] InnoDB: Loading buffer pool(s) from C:\xampp\mysql\data\ib_buffer_pool
2023-10-08 21:33:37 0 [Note] Plugin 'FEEDBACK' is disabled.
2023-10-08 21:33:37 0 [Note] Server socket created on IP: '::'.
2023-10-08 21:38:57 0 [Note] Starting MariaDB 10.4.28-MariaDB source revision c8f2e9a5c0ac5905f28b050b7df5a9ffd914b7e7 as process 12704
2023-10-08 21:38:57 0 [Note] InnoDB: Mutexes and rw_locks use Windows interlocked functions
2023-10-08 21:38:57 0 [Note] InnoDB: Uses event mutexes
2023-10-08 21:38:57 0 [Note] InnoDB: Compressed tables use zlib 1.2.12
2023-10-08 21:38:57 0 [Note] InnoDB: Number of pools: 1
2023-10-08 21:38:57 0 [Note] InnoDB: Using SSE2 crc32 instructions
2023-10-08 21:38:57 0 [Note] InnoDB: Initializing buffer pool, total size = 16M, instances = 1, chunk size = 16M
2023-10-08 21:38:57 0 [Note] InnoDB: Completed initialization of buffer pool
2023-10-08 21:38:57 0 [Note] InnoDB: Starting crash recovery from checkpoint LSN=300288
2023-10-08 21:38:57 0 [Note] InnoDB: 128 out of 128 rollback segments are active.
2023-10-08 21:38:57 0 [Note] InnoDB: Removed temporary tablespace data file: "ibtmp1"
2023-10-08 21:38:57 0 [Note] InnoDB: Creating shared tablespace for temporary tables
2023-10-08 21:38:57 0 [Note] InnoDB: Setting file 'C:\xampp\mysql\data\ibtmp1' size to 12 MB. Physically writing the file full; Please wait ...
2023-10-08 21:38:57 0 [Note] InnoDB: File 'C:\xampp\mysql\data\ibtmp1' size is now 12 MB.
2023-10-08 21:38:57 0 [Note] InnoDB: Waiting for purge to start
2023-10-08 21:38:57 0 [Note] InnoDB: 10.4.28 started; log sequence number 300297; transaction id 170
2023-10-08 21:38:57 0 [Note] InnoDB: Loading buffer pool(s) from C:\xampp\mysql\data\ib_buffer_pool
2023-10-08 21:38:57 0 [Note] Plugin 'FEEDBACK' is disabled.
2023-10-08 21:38:57 0 [Note] InnoDB: Buffer pool(s) load completed at 231008 21:38:57
2023-10-08 21:38:57 0 [Note] Server socket created on IP: '::'.
2023-10-11 18:00:35 0 [Note] Starting MariaDB 10.4.28-MariaDB source revision c8f2e9a5c0ac5905f28b050b7df5a9ffd914b7e7 as process 16976
2023-10-11 18:00:35 0 [Note] InnoDB: Mutexes and rw_locks use Windows interlocked functions
2023-10-11 18:00:35 0 [Note] InnoDB: Uses event mutexes
2023-10-11 18:00:35 0 [Note] InnoDB: Compressed tables use zlib 1.2.12
2023-10-11 18:00:35 0 [Note] InnoDB: Number of pools: 1
2023-10-11 18:00:35 0 [Note] InnoDB: Using SSE2 crc32 instructions
2023-10-11 18:00:35 0 [Note] InnoDB: Initializing buffer pool, total size = 16M, instances = 1, chunk size = 16M
2023-10-11 18:00:35 0 [Note] InnoDB: Completed initialization of buffer pool
2023-10-11 18:00:35 0 [Note] InnoDB: Starting crash recovery from checkpoint LSN=423230
2023-10-11 18:00:35 0 [Note] InnoDB: 128 out of 128 rollback segments are active.
2023-10-11 18:00:35 0 [Note] InnoDB: Removed temporary tablespace data file: "ibtmp1"
2023-10-11 18:00:35 0 [Note] InnoDB: Creating shared tablespace for temporary tables
2023-10-11 18:00:35 0 [Note] InnoDB: Setting file 'C:\xampp\mysql\data\ibtmp1' size to 12 MB. Physically writing the file full; Please wait ...
2023-10-11 18:00:35 0 [Note] InnoDB: File 'C:\xampp\mysql\data\ibtmp1' size is now 12 MB.
2023-10-11 18:00:35 0 [Note] InnoDB: Waiting for purge to start
2023-10-11 18:00:35 0 [Note] InnoDB: 10.4.28 started; log sequence number 423239; transaction id 582
2023-10-11 18:00:35 0 [Note] Plugin 'FEEDBACK' is disabled.
2023-10-11 18:00:35 0 [Note] InnoDB: Loading buffer pool(s) from C:\xampp\mysql\data\ib_buffer_pool
2023-10-11 18:00:35 0 [Note] InnoDB: Buffer pool(s) load completed at 231011 18:00:35
2023-10-11 18:00:35 0 [Note] Server socket created on IP: '::'.
2023-10-11 18:00:35 0 [ERROR] Can't start server: Bind on TCP/IP port. Got error: 10048: Only one usage of each socket address (protocol/network address/port) is normally permitted.

2023-10-11 18:00:35 0 [ERROR] Do you already have another mysqld server running on port: 3306 ?
2023-10-11 18:00:35 0 [ERROR] Aborting
2023-10-11 18:00:41 0 [Note] Starting MariaDB 10.4.28-MariaDB source revision c8f2e9a5c0ac5905f28b050b7df5a9ffd914b7e7 as process 10496
2023-10-11 18:00:41 0 [Note] InnoDB: Mutexes and rw_locks use Windows interlocked functions
2023-10-11 18:00:41 0 [Note] InnoDB: Uses event mutexes
2023-10-11 18:00:41 0 [Note] InnoDB: Compressed tables use zlib 1.2.12
2023-10-11 18:00:41 0 [Note] InnoDB: Number of pools: 1
2023-10-11 18:00:41 0 [Note] InnoDB: Using SSE2 crc32 instructions
2023-10-11 18:00:41 0 [Note] InnoDB: Initializing buffer pool, total size = 16M, instances = 1, chunk size = 16M
2023-10-11 18:00:41 0 [Note] InnoDB: Completed initialization of buffer pool
2023-10-11 18:00:41 0 [Note] InnoDB: 128 out of 128 rollback segments are active.
2023-10-11 18:00:41 0 [Note] InnoDB: Creating shared tablespace for temporary tables
2023-10-11 18:00:41 0 [Note] InnoDB: Setting file 'C:\xampp\mysql\data\ibtmp1' size to 12 MB. Physically writing the file full; Please wait ...
2023-10-11 18:00:41 0 [Note] InnoDB: File 'C:\xampp\mysql\data\ibtmp1' size is now 12 MB.
2023-10-11 18:00:41 0 [Note] InnoDB: Waiting for purge to start
2023-10-11 18:00:41 0 [Note] InnoDB: 10.4.28 started; log sequence number 423248; transaction id 582
2023-10-11 18:00:41 0 [Note] InnoDB: Loading buffer pool(s) from C:\xampp\mysql\data\ib_buffer_pool
2023-10-11 18:00:41 0 [Note] Plugin 'FEEDBACK' is disabled.
2023-10-11 18:00:41 0 [Note] Server socket created on IP: '::'.
2023-10-11 18:00:41 0 [ERROR] Can't start server: Bind on TCP/IP port. Got error: 10048: Only one usage of each socket address (protocol/network address/port) is normally permitted.

2023-10-11 18:00:41 0 [ERROR] Do you already have another mysqld server running on port: 3306 ?
2023-10-11 18:00:41 0 [ERROR] Aborting
2023-10-11 18:01:46 0 [Note] Starting MariaDB 10.4.28-MariaDB source revision c8f2e9a5c0ac5905f28b050b7df5a9ffd914b7e7 as process 11056
2023-10-11 18:01:46 0 [Note] InnoDB: Mutexes and rw_locks use Windows interlocked functions
2023-10-11 18:01:46 0 [Note] InnoDB: Uses event mutexes
2023-10-11 18:01:46 0 [Note] InnoDB: Compressed tables use zlib 1.2.12
2023-10-11 18:01:46 0 [Note] InnoDB: Number of pools: 1
2023-10-11 18:01:46 0 [Note] InnoDB: Using SSE2 crc32 instructions
2023-10-11 18:01:46 0 [Note] InnoDB: Initializing buffer pool, total size = 16M, instances = 1, chunk size = 16M
2023-10-11 18:01:46 0 [Note] InnoDB: Completed initialization of buffer pool
2023-10-11 18:01:46 0 [Note] InnoDB: 128 out of 128 rollback segments are active.
2023-10-11 18:01:46 0 [Note] InnoDB: Creating shared tablespace for temporary tables
2023-10-11 18:01:46 0 [Note] InnoDB: Setting file 'C:\xampp\mysql\data\ibtmp1' size to 12 MB. Physically writing the file full; Please wait ...
2023-10-11 18:01:46 0 [Note] InnoDB: File 'C:\xampp\mysql\data\ibtmp1' size is now 12 MB.
2023-10-11 18:01:46 0 [Note] InnoDB: Waiting for purge to start
2023-10-11 18:01:46 0 [Note] InnoDB: 10.4.28 started; log sequence number 423257; transaction id 582
2023-10-11 18:01:46 0 [Note] InnoDB: Loading buffer pool(s) from C:\xampp\mysql\data\ib_buffer_pool
2023-10-11 18:01:46 0 [Note] Plugin 'FEEDBACK' is disabled.
2023-10-11 18:01:46 0 [Note] Server socket created on IP: '::'.
2023-10-12 19:35:50 0 [Note] Starting MariaDB 10.4.28-MariaDB source revision c8f2e9a5c0ac5905f28b050b7df5a9ffd914b7e7 as process 6892
2023-10-12 19:35:50 0 [Note] InnoDB: Mutexes and rw_locks use Windows interlocked functions
2023-10-12 19:35:50 0 [Note] InnoDB: Uses event mutexes
2023-10-12 19:35:50 0 [Note] InnoDB: Compressed tables use zlib 1.2.12
2023-10-12 19:35:50 0 [Note] InnoDB: Number of pools: 1
2023-10-12 19:35:50 0 [Note] InnoDB: Using SSE2 crc32 instructions
2023-10-12 19:35:50 0 [Note] InnoDB: Initializing buffer pool, total size = 16M, instances = 1, chunk size = 16M
2023-10-12 19:35:50 0 [Note] InnoDB: Completed initialization of buffer pool
2023-10-12 19:35:50 0 [Note] InnoDB: Starting crash recovery from checkpoint LSN=477281
2023-10-12 19:35:50 0 [Note] InnoDB: 128 out of 128 rollback segments are active.
2023-10-12 19:35:50 0 [Note] InnoDB: Removed temporary tablespace data file: "ibtmp1"
2023-10-12 19:35:50 0 [Note] InnoDB: Creating shared tablespace for temporary tables
2023-10-12 19:35:50 0 [Note] InnoDB: Setting file 'C:\xampp\mysql\data\ibtmp1' size to 12 MB. Physically writing the file full; Please wait ...
2023-10-12 19:35:50 0 [Note] InnoDB: File 'C:\xampp\mysql\data\ibtmp1' size is now 12 MB.
2023-10-12 19:35:50 0 [Note] InnoDB: Waiting for purge to start
2023-10-12 19:35:51 0 [Note] InnoDB: 10.4.28 started; log sequence number 477290; transaction id 784
2023-10-12 19:35:51 0 [Note] InnoDB: Loading buffer pool(s) from C:\xampp\mysql\data\ib_buffer_pool
2023-10-12 19:35:51 0 [Note] Plugin 'FEEDBACK' is disabled.
2023-10-12 19:35:51 0 [Note] InnoDB: Buffer pool(s) load completed at 231012 19:35:51
2023-10-12 19:35:51 0 [Note] Server socket created on IP: '::'.
2023-10-12 19:35:51 0 [ERROR] Can't start server: Bind on TCP/IP port. Got error: 10048: Only one usage of each socket address (protocol/network address/port) is normally permitted.

2023-10-12 19:35:51 0 [ERROR] Do you already have another mysqld server running on port: 3306 ?
2023-10-12 19:35:51 0 [ERROR] Aborting
2023-10-12 19:36:06 0 [Note] Starting MariaDB 10.4.28-MariaDB source revision c8f2e9a5c0ac5905f28b050b7df5a9ffd914b7e7 as process 13224
2023-10-12 19:36:06 0 [Note] InnoDB: Mutexes and rw_locks use Windows interlocked functions
2023-10-12 19:36:06 0 [Note] InnoDB: Uses event mutexes
2023-10-12 19:36:06 0 [Note] InnoDB: Compressed tables use zlib 1.2.12
2023-10-12 19:36:06 0 [Note] InnoDB: Number of pools: 1
2023-10-12 19:36:06 0 [Note] InnoDB: Using SSE2 crc32 instructions
2023-10-12 19:36:06 0 [Note] InnoDB: Initializing buffer pool, total size = 16M, instances = 1, chunk size = 16M
2023-10-12 19:36:06 0 [Note] InnoDB: Completed initialization of buffer pool
2023-10-12 19:36:06 0 [Note] InnoDB: 128 out of 128 rollback segments are active.
2023-10-12 19:36:06 0 [Note] InnoDB: Creating shared tablespace for temporary tables
2023-10-12 19:36:06 0 [Note] InnoDB: Setting file 'C:\xampp\mysql\data\ibtmp1' size to 12 MB. Physically writing the file full; Please wait ...
2023-10-12 19:36:06 0 [Note] InnoDB: File 'C:\xampp\mysql\data\ibtmp1' size is now 12 MB.
2023-10-12 19:36:06 0 [Note] InnoDB: Waiting for purge to start
2023-10-12 19:36:06 0 [Note] InnoDB: 10.4.28 started; log sequence number 477299; transaction id 784
2023-10-12 19:36:06 0 [Note] InnoDB: Loading buffer pool(s) from C:\xampp\mysql\data\ib_buffer_pool
2023-10-12 19:36:06 0 [Note] Plugin 'FEEDBACK' is disabled.
2023-10-12 19:36:06 0 [Note] Server socket created on IP: '::'.
2023-10-13  9:49:53 0 [Note] Starting MariaDB 10.4.28-MariaDB source revision c8f2e9a5c0ac5905f28b050b7df5a9ffd914b7e7 as process 18192
2023-10-13  9:49:53 0 [Note] mysqld.exe: Aria engine: starting recovery
recovered pages: 0% 24% 46% 72% 97% 100% (0.0 seconds); tables to flush: 1 0
 (0.0 seconds); 
2023-10-13  9:49:53 0 [Note] mysqld.exe: Aria engine: recovery done
2023-10-13  9:49:53 0 [Note] InnoDB: Mutexes and rw_locks use Windows interlocked functions
2023-10-13  9:49:53 0 [Note] InnoDB: Uses event mutexes
2023-10-13  9:49:53 0 [Note] InnoDB: Compressed tables use zlib 1.2.12
2023-10-13  9:49:53 0 [Note] InnoDB: Number of pools: 1
2023-10-13  9:49:53 0 [Note] InnoDB: Using SSE2 crc32 instructions
2023-10-13  9:49:53 0 [Note] InnoDB: Initializing buffer pool, total size = 16M, instances = 1, chunk size = 16M
2023-10-13  9:49:53 0 [Note] InnoDB: Completed initialization of buffer pool
2023-10-13  9:49:53 0 [Note] InnoDB: Starting crash recovery from checkpoint LSN=503947
2023-10-13  9:49:53 0 [Note] InnoDB: 128 out of 128 rollback segments are active.
2023-10-13  9:49:53 0 [Note] InnoDB: Removed temporary tablespace data file: "ibtmp1"
2023-10-13  9:49:53 0 [Note] InnoDB: Creating shared tablespace for temporary tables
2023-10-13  9:49:53 0 [Note] InnoDB: Setting file 'C:\xampp\mysql\data\ibtmp1' size to 12 MB. Physically writing the file full; Please wait ...
2023-10-13  9:49:53 0 [Note] InnoDB: File 'C:\xampp\mysql\data\ibtmp1' size is now 12 MB.
2023-10-13  9:49:53 0 [Note] InnoDB: Waiting for purge to start
2023-10-13  9:49:53 0 [Note] InnoDB: 10.4.28 started; log sequence number 503956; transaction id 943
2023-10-13  9:49:53 0 [Note] Plugin 'FEEDBACK' is disabled.
2023-10-13  9:49:53 0 [Note] InnoDB: Loading buffer pool(s) from C:\xampp\mysql\data\ib_buffer_pool
2023-10-13  9:49:53 0 [Note] Server socket created on IP: '::'.
